<?xml version="1.0" encoding="UTF-8"?>
<!-- Generated by org.testng.reporters.JUnitReportReporter -->
<testsuite skipped="0" hostname="saviour" name="packtest.NewTest" tests="1" failures="0" timestamp="19 Apr 2020 12:21:18 GMT" time="22.560" errors="0">
  <testcase name="f" time="22.560" classname="packtest.NewTest"/>
</testsuite> <!-- packtest.NewTest -->
